<?xml version="1.0" encoding="UTF-8"?>
<testsuite name="com.example.project.TestList" tests="1" skipped="0" failures="0" errors="0" timestamp="2024-10-28T22:16:49" hostname="DESKTOP-37S92OM" time="0.011">
  <properties/>
  <testcase name="testRemoveBetween4()" classname="com.example.project.TestList" time="0.011"/>
  <system-out><![CDATA[]]></system-out>
  <system-err><![CDATA[]]></system-err>
</testsuite>
